0 info it worked if it ends with ok
1 verbose cli [ 'node', '/usr/local/bin/npm', 'start' ]
2 info using npm@2.7.3
3 info using node@v0.10.35
4 verbose run-script [ 'prestart', 'start', 'poststart' ]
5 info prestart sharejs-rethinkdb-examples@0.0.1
6 info start sharejs-rethinkdb-examples@0.0.1
7 verbose unsafe-perm in lifecycle true
8 info sharejs-rethinkdb-examples@0.0.1 Failed to exec start script
9 verbose stack Error: sharejs-rethinkdb-examples@0.0.1 start: `node server`
9 verbose stack Exit status 8
9 verbose stack     at EventEmitter.<anonymous> (/usr/local/lib/node_modules/npm/lib/utils/lifecycle.js:213:16)
9 verbose stack     at EventEmitter.emit (events.js:98:17)
9 verbose stack     at ChildProcess.<anonymous> (/usr/local/lib/node_modules/npm/lib/utils/spawn.js:14:12)
9 verbose stack     at ChildProcess.emit (events.js:98:17)
9 verbose stack     at maybeClose (child_process.js:766:16)
9 verbose stack     at Process.ChildProcess._handle.onexit (child_process.js:833:5)
10 verbose pkgid sharejs-rethinkdb-examples@0.0.1
11 verbose cwd /app
12 error Linux 3.16.7-tinycore64
13 error argv "node" "/usr/local/bin/npm" "start"
14 error node v0.10.35
15 error npm  v2.7.3
16 error code ELIFECYCLE
17 error sharejs-rethinkdb-examples@0.0.1 start: `node server`
17 error Exit status 8
18 error Failed at the sharejs-rethinkdb-examples@0.0.1 start script 'node server'.
18 error This is most likely a problem with the sharejs-rethinkdb-examples package,
18 error not with npm itself.
18 error Tell the author that this fails on your system:
18 error     node server
18 error You can get their info via:
18 error     npm owner ls sharejs-rethinkdb-examples
18 error There is likely additional logging output above.
19 verbose exit [ 1, true ]
